{"ts": "2025-08-19T09:59:41", "msg": "SURVEY_ROWS", "data": {"count": 100}}
{"ts": "2025-08-19T09:59:41", "msg": "MAPPING_ROWS_FOUND", "data": {"count": 50}}
{"ts": "2025-08-19T09:59:41", "msg": "MAPPING_FIELDS_RESOLVED", "data": {"resolved": 47, "unresolved": 3, "unresolved_sample": [{"row": 48, "qn": "Q48 (Workplace Health Assessment)", "cat": "Overall", "polarity": "nan", "reason": "missing-or-unknown"}, {"row": 49, "qn": "Q49 (Strengths/Barriers)", "cat": "Overall", "polarity": "nan", "reason": "missing-or-unknown"}, {"row": 50, "qn": "Q50 (Workplace Improvement)", "cat": "Overall", "polarity": "nan", "reason": "missing-or-unknown"}]}}
{"ts": "2025-08-19T09:59:42", "msg": "CHART_SAVED", "data": {"title": "Collusion: by Business Function", "count": 8, "file": "out/charts/collusion_by_function_chart.png"}}
{"ts": "2025-08-19T09:59:42", "msg": "CHART_SAVED", "data": {"title": "Collusion: by Title", "count": 4, "file": "out/charts/collusion_by_level_chart.png"}}
{"ts": "2025-08-19T09:59:42", "msg": "CHART_SAVED", "data": {"title": "Feedback, Receiving: by Business Function", "count": 8, "file": "out/charts/feedback_receiving_by_function_chart.png"}}
{"ts": "2025-08-19T09:59:42", "msg": "CHART_SAVED", "data": {"title": "Feedback, Receiving: by Title", "count": 4, "file": "out/charts/feedback_receiving_by_level_chart.png"}}
{"ts": "2025-08-19T09:59:42", "msg": "CHART_SAVED", "data": {"title": "Feedback, Giving: by Business Function", "count": 8, "file": "out/charts/feedback_giving_by_function_chart.png"}}
{"ts": "2025-08-19T09:59:42", "msg": "CHART_SAVED", "data": {"title": "Feedback, Giving: by Title", "count": 4, "file": "out/charts/feedback_giving_by_level_chart.png"}}
{"ts": "2025-08-19T09:59:43", "msg": "CHART_SAVED", "data": {"title": "Accountability: by Business Function", "count": 8, "file": "out/charts/accountability_by_function_chart.png"}}
{"ts": "2025-08-19T09:59:43", "msg": "CHART_SAVED", "data": {"title": "Accountability: by Title", "count": 4, "file": "out/charts/accountability_by_level_chart.png"}}
{"ts": "2025-08-19T09:59:43", "msg": "CHART_SAVED", "data": {"title": "Sensitivity: by Business Function", "count": 8, "file": "out/charts/sensitivity_by_function_chart.png"}}
{"ts": "2025-08-19T09:59:43", "msg": "CHART_SAVED", "data": {"title": "Sensitivity: by Title", "count": 4, "file": "out/charts/sensitivity_by_level_chart.png"}}
{"ts": "2025-08-19T09:59:43", "msg": "CHART_SAVED", "data": {"title": "Trust: by Business Function", "count": 8, "file": "out/charts/trust_by_function_chart.png"}}
{"ts": "2025-08-19T09:59:43", "msg": "CHART_SAVED", "data": {"title": "Trust: by Title", "count": 4, "file": "out/charts/trust_by_level_chart.png"}}
{"ts": "2025-08-19T09:59:44", "msg": "CHART_SAVED", "data": {"title": "Relationship Focus: by Business Function", "count": 8, "file": "out/charts/relationship_focus_by_function_chart.png"}}
{"ts": "2025-08-19T09:59:44", "msg": "CHART_SAVED", "data": {"title": "Relationship Focus: by Title", "count": 4, "file": "out/charts/relationship_focus_by_level_chart.png"}}
{"ts": "2025-08-19T09:59:44", "msg": "TEMPLATE_VARS_FOUND", "data": {"count": 42, "sample": ["accountability_bar", "analysis_accountability_recommendations", "analysis_accountability_risks", "analysis_accountability_summary", "analysis_collusion_recommendations", "analysis_collusion_risks", "analysis_collusion_summary", "analysis_feedback_giving_recommendations", "analysis_feedback_giving_risks", "analysis_feedback_giving_summary", "analysis_feedback_receiving_recommendations", "analysis_feedback_receiving_risks", "analysis_feedback_receiving_summary", "analysis_relationship_focus_recommendations", "analysis_relationship_focus_risks", "analysis_relationship_focus_summary", "analysis_sensitivity_recommendations", "analysis_sensitivity_risks", "analysis_sensitivity_summary", "analysis_trust_recommendations", "analysis_trust_risks", "analysis_trust_summary", "collusion_bar", "collusion_pct", "conclusion_30_60_90", "conclusion_closing_thoughts", "conclusion_days_31_60", "conclusion_days_61_90", "conclusion_metrics_quarterly", "conclusion_next_30_days", "conclusion_overview", "exec_engagement_summary", "exec_results_summary", "exec_suggested_actions", "feedback_bar", "relationships_bar", "sensitivity_bar", "title_client_contact", "title_company_name", "title_confidentiality_notice"]}}
{"ts": "2025-08-19T09:59:44", "msg": "RENDER_BEGIN", "data": {"template": "/Users/apple/Downloads/c-fastr-report/client_report_template.docx", "output": "out/cfastr_report.docx"}}
{"ts": "2025-08-19T09:59:44", "msg": "REPORT_WRITTEN", "data": {"output": "out/cfastr_report.docx"}}
